[35m[1mScanning dependencies of target shape_msgs_generate_messages_eus[0m
[  0%] Built target shape_msgs_generate_messages_eus
[35m[1mScanning dependencies of target octomap_msgs_generate_messages_py[0m
[35m[1mScanning dependencies of target octomap_msgs_generate_messages_nodejs[0m
[  0%] Built target octomap_msgs_generate_messages_py
[  0%] Built target octomap_msgs_generate_messages_nodejs
[35m[1mScanning dependencies of target octomap_msgs_generate_messages_lisp[0m
[35m[1mScanning dependencies of target octomap_msgs_generate_messages_cpp[0m
[35m[1mScanning dependencies of target object_recognition_msgs_generate_messages_nodejs[0m
[  0%] Built target octomap_msgs_generate_messages_cpp
[  0%] Built target object_recognition_msgs_generate_messages_nodejs
[  0%] Built target octomap_msgs_generate_messages_lisp
[35m[1mScanning dependencies of target object_recognition_msgs_generate_messages_lisp[0m
[35m[1mScanning dependencies of target octomap_msgs_generate_messages_eus[0m
[  0%] Built target object_recognition_msgs_generate_messages_lisp
[35m[1mScanning dependencies of target object_recognition_msgs_generate_messages_eus[0m
[  0%] Built target octomap_msgs_generate_messages_eus
[  0%] Built target object_recognition_msgs_generate_messages_eus
[35m[1mScanning dependencies of target shape_msgs_generate_messages_py[0m
[35m[1mScanning dependencies of target object_recognition_msgs_generate_messages_cpp[0m
[35m[1mScanning dependencies of target actionlib_generate_messages_nodejs[0m
[  0%] Built target object_recognition_msgs_generate_messages_cpp
[  0%] Built target shape_msgs_generate_messages_py
[  0%] Built target actionlib_generate_messages_nodejs
[35m[1mScanning dependencies of target trajectory_msgs_generate_messages_nodejs[0m
[35m[1mScanning dependencies of target control_msgs_generate_messages_eus[0m
[35m[1mScanning dependencies of target std_msgs_generate_messages_py[0m
[35m[1mScanning dependencies of target std_msgs_generate_messages_nodejs[0m
[35m[1mScanning dependencies of target actionlib_msgs_generate_messages_cpp[0m
[  0%] Built target trajectory_msgs_generate_messages_nodejs
[  0%] Built target std_msgs_generate_messages_nodejs
[  0%] Built target control_msgs_generate_messages_eus
[35m[1mScanning dependencies of target geometry_msgs_generate_messages_eus[0m
[  0%] Built target actionlib_msgs_generate_messages_cpp
[35m[1mScanning dependencies of target std_msgs_generate_messages_cpp[0m
[  0%] Built target std_msgs_generate_messages_py
[35m[1mScanning dependencies of target object_recognition_msgs_generate_messages_py[0m
[  0%] Built target geometry_msgs_generate_messages_eus
[35m[1mScanning dependencies of target actionlib_generate_messages_cpp[0m
[35m[1mScanning dependencies of target rosgraph_msgs_generate_messages_nodejs[0m
[35m[1mScanning dependencies of target actionlib_msgs_generate_messages_py[0m
[  0%] Built target std_msgs_generate_messages_cpp
[35m[1mScanning dependencies of target actionlib_generate_messages_lisp[0m
[  0%] Built target actionlib_generate_messages_cpp
[  0%] Built target actionlib_msgs_generate_messages_py
[  0%] Built target object_recognition_msgs_generate_messages_py
[  0%] Built target rosgraph_msgs_generate_messages_nodejs
[  0%] Built target actionlib_generate_messages_lisp
[35m[1mScanning dependencies of target roscpp_generate_messages_lisp[0m
[35m[1mScanning dependencies of target shape_msgs_generate_messages_cpp[0m
[35m[1mScanning dependencies of target std_msgs_generate_messages_lisp[0m
[35m[1mScanning dependencies of target rosgraph_msgs_generate_messages_lisp[0m
[35m[1mScanning dependencies of target moveit_msgs_generate_messages_lisp[0m
[  0%] Built target shape_msgs_generate_messages_cpp
[  0%] Built target roscpp_generate_messages_lisp
[35m[1mScanning dependencies of target trajectory_msgs_generate_messages_eus[0m
[  0%] Built target std_msgs_generate_messages_lisp
[35m[1mScanning dependencies of target roscpp_generate_messages_py[0m
[  0%] Built target moveit_msgs_generate_messages_lisp
[35m[1mScanning dependencies of target shape_msgs_generate_messages_nodejs[0m
[  0%] Built target rosgraph_msgs_generate_messages_lisp
[  0%] Built target trajectory_msgs_generate_messages_eus
[  0%] Built target roscpp_generate_messages_py
[35m[1mScanning dependencies of target rosgraph_msgs_generate_messages_py[0m
[35m[1mScanning dependencies of target roscpp_generate_messages_cpp[0m
[  0%] Built target shape_msgs_generate_messages_nodejs
[35m[1mScanning dependencies of target roscpp_generate_messages_nodejs[0m
[35m[1mScanning dependencies of target actionlib_generate_messages_py[0m
[35m[1mScanning dependencies of target roscpp_generate_messages_eus[0m
[  0%] Built target rosgraph_msgs_generate_messages_py
[  0%] Built target roscpp_generate_messages_cpp
[35m[1mScanning dependencies of target std_msgs_generate_messages_eus[0m
[  0%] Built target actionlib_generate_messages_py
[35m[1mScanning dependencies of target actionlib_msgs_generate_messages_lisp[0m
[  0%] Built target roscpp_generate_messages_eus
[  0%] Built target roscpp_generate_messages_nodejs
[35m[1mScanning dependencies of target actionlib_msgs_generate_messages_nodejs[0m
[35m[1mScanning dependencies of target trajectory_msgs_generate_messages_cpp[0m
[35m[1mScanning dependencies of target rosgraph_msgs_generate_messages_eus[0m
[  0%] Built target actionlib_msgs_generate_messages_lisp
[  0%] Built target std_msgs_generate_messages_eus
[  0%] Built target actionlib_msgs_generate_messages_nodejs
[35m[1mScanning dependencies of target actionlib_msgs_generate_messages_eus[0m
[  0%] Built target rosgraph_msgs_generate_messages_eus
[35m[1mScanning dependencies of target control_msgs_generate_messages_nodejs[0m
[  0%] Built target trajectory_msgs_generate_messages_cpp
[35m[1mScanning dependencies of target geometry_msgs_generate_messages_cpp[0m
[35m[1mScanning dependencies of target moveit_msgs_generate_messages_cpp[0m
[35m[1mScanning dependencies of target control_msgs_generate_messages_py[0m
[35m[1mScanning dependencies of target moveit_msgs_generate_messages_py[0m
[  0%] Built target control_msgs_generate_messages_nodejs
[  0%] Built target actionlib_msgs_generate_messages_eus
[  0%] Built target geometry_msgs_generate_messages_cpp
[35m[1mScanning dependencies of target geometry_msgs_generate_messages_lisp[0m
[  0%] Built target control_msgs_generate_messages_py
[  0%] Built target moveit_msgs_generate_messages_cpp
[35m[1mScanning dependencies of target geometry_msgs_generate_messages_nodejs[0m
[  0%] Built target geometry_msgs_generate_messages_lisp
[  0%] Built target moveit_msgs_generate_messages_py
[35m[1mScanning dependencies of target geometry_msgs_generate_messages_py[0m
[35m[1mScanning dependencies of target sensor_msgs_generate_messages_py[0m
[35m[1mScanning dependencies of target shape_msgs_generate_messages_lisp[0m
[35m[1mScanning dependencies of target moveit_msgs_generate_messages_eus[0m
[  0%] Built target geometry_msgs_generate_messages_nodejs
[35m[1mScanning dependencies of target actionlib_generate_messages_eus[0m
[35m[1mScanning dependencies of target trajectory_msgs_generate_messages_lisp[0m
[  0%] Built target sensor_msgs_generate_messages_py
[35m[1mScanning dependencies of target rosgraph_msgs_generate_messages_cpp[0m
[  0%] Built target shape_msgs_generate_messages_lisp
[  0%] Built target moveit_msgs_generate_messages_eus
[  0%] Built target trajectory_msgs_generate_messages_lisp
[  0%] Built target geometry_msgs_generate_messages_py
[  0%] Built target actionlib_generate_messages_eus
[35m[1mScanning dependencies of target trajectory_msgs_generate_messages_py[0m
[  0%] Built target rosgraph_msgs_generate_messages_cpp
[35m[1mScanning dependencies of target control_msgs_generate_messages_cpp[0m
[35m[1mScanning dependencies of target control_msgs_generate_messages_lisp[0m
[  0%] Built target trajectory_msgs_generate_messages_py
[35m[1mScanning dependencies of target sensor_msgs_generate_messages_eus[0m
[35m[1mScanning dependencies of target moveit_msgs_generate_messages_nodejs[0m
[35m[1mScanning dependencies of target sensor_msgs_generate_messages_lisp[0m
[  0%] Built target control_msgs_generate_messages_lisp
[  0%] Built target sensor_msgs_generate_messages_eus
[35m[1mScanning dependencies of target sensor_msgs_generate_messages_nodejs[0m
[  0%] Built target control_msgs_generate_messages_cpp
[35m[1mScanning dependencies of target sensor_msgs_generate_messages_cpp[0m
[  0%] Built target moveit_msgs_generate_messages_nodejs
[  0%] Built target sensor_msgs_generate_messages_lisp
[  0%] Built target sensor_msgs_generate_messages_nodejs
[  0%] Built target sensor_msgs_generate_messages_cpp
[35m[1mScanning dependencies of target turtlebot3_manipulation_bringup[0m
[ 50%] [32mBuilding CXX object CMakeFiles/turtlebot3_manipulation_bringup.dir/src/turtlebot3_manipulation_bringup.cpp.o[0m
[100%] [32m[1mLinking CXX executable /home/andreas/catkin_ws/devel/.private/turtlebot3_manipulation_bringup/lib/turtlebot3_manipulation_bringup/turtlebot3_manipulation_bringup[0m
[100%] Built target turtlebot3_manipulation_bringup
